2013.04.15 02:07:25	1	Початок імпорту БД `fedry_drulexpert`
2013.04.15 02:07:25	1	Файл: mysql_fedry_drulexpert.2013-04-15_0020.sql
2013.04.15 02:07:25	1	Встановлено кодування з’єднання: `utf8`
2013.04.15 02:07:25	1	Імпорт таблиці `lexpert_actions`
2013.04.15 02:07:26	1	Імпорт таблиці `lexpert_authmap`
2013.04.15 02:07:26	1	Імпорт таблиці `lexpert_batch`
2013.04.15 02:07:28	1	Імпорт таблиці `lexpert_block`
2013.04.15 02:07:29	1	Імпорт таблиці `lexpert_block_custom`
2013.04.15 02:07:31	1	Імпорт таблиці `lexpert_block_node_type`
2013.04.15 02:07:32	1	Імпорт таблиці `lexpert_block_role`
2013.04.15 02:07:33	1	Імпорт таблиці `lexpert_blocked_ips`
2013.04.15 02:07:34	1	Імпорт таблиці `lexpert_cache`
2013.04.15 02:07:37	1	Імпорт таблиці `lexpert_cache_block`
2013.04.15 02:07:38	1	Імпорт таблиці `lexpert_cache_bootstrap`
2013.04.15 02:07:38	1	Імпорт таблиці `lexpert_cache_field`
2013.04.15 02:07:39	1	Імпорт таблиці `lexpert_cache_filter`
2013.04.15 02:07:40	1	Імпорт таблиці `lexpert_cache_form`
2013.04.15 02:07:41	1	Імпорт таблиці `lexpert_cache_image`
2013.04.15 02:07:42	1	Імпорт таблиці `lexpert_cache_l10n_update`
2013.04.15 02:07:43	1	Імпорт таблиці `lexpert_cache_menu`
2013.04.15 02:07:45	1	Імпорт таблиці `lexpert_cache_page`
2013.04.15 02:07:47	1	Імпорт таблиці `lexpert_cache_path`
2013.04.15 02:07:48	1	Імпорт таблиці `lexpert_cache_path_breadcrumbs`
2013.04.15 02:07:49	1	Імпорт таблиці `lexpert_cache_token`
2013.04.15 02:07:49	1	Імпорт таблиці `lexpert_cache_update`
2013.04.15 02:07:50	1	Імпорт таблиці `lexpert_cache_variable`
2013.04.15 02:07:51	1	Імпорт таблиці `lexpert_cache_views`
2013.04.15 02:07:54	1	Імпорт таблиці `lexpert_cache_views_data`
2013.04.15 02:07:55	1	Імпорт таблиці `lexpert_comment`
2013.04.15 02:07:57	1	Імпорт таблиці `lexpert_config_perms`
2013.04.15 02:07:57	1	Імпорт таблиці `lexpert_ctools_access_ruleset`
2013.04.15 02:07:58	1	Імпорт таблиці `lexpert_ctools_css_cache`
2013.04.15 02:07:59	1	Імпорт таблиці `lexpert_ctools_custom_content`
2013.04.15 02:07:59	1	Імпорт таблиці `lexpert_ctools_object_cache`
2013.04.15 02:08:01	1	Імпорт таблиці `lexpert_custom_breadcrumb`
2013.04.15 02:08:02	1	Імпорт таблиці `lexpert_custom_breadcrumbs_panels`
2013.04.15 02:08:03	1	Імпорт таблиці `lexpert_custom_breadcrumbs_paths`
2013.04.15 02:08:04	1	Імпорт таблиці `lexpert_custom_breadcrumbs_taxonomy_term`
2013.04.15 02:08:05	1	Імпорт таблиці `lexpert_custom_breadcrumbs_taxonomy_vocabulary`
2013.04.15 02:08:06	1	Імпорт таблиці `lexpert_custom_breadcrumbs_views`
2013.04.15 02:08:07	1	Імпорт таблиці `lexpert_custom_breadcrumbsapi`
2013.04.15 02:08:08	1	Імпорт таблиці `lexpert_date_format_locale`
2013.04.15 02:08:09	1	Імпорт таблиці `lexpert_date_format_type`
2013.04.15 02:08:09	1	Імпорт таблиці `lexpert_date_formats`
2013.04.15 02:08:10	1	Імпорт таблиці `lexpert_field_config`
2013.04.15 02:08:12	1	Імпорт таблиці `lexpert_field_config_instance`
2013.04.15 02:08:15	1	Імпорт таблиці `lexpert_field_data_body`
2013.04.15 02:08:16	1	Імпорт таблиці `lexpert_field_data_comment_body`
2013.04.15 02:08:18	1	Імпорт таблиці `lexpert_field_data_field_action_image`
2013.04.15 02:08:20	1	Імпорт таблиці `lexpert_field_data_field_article_categories`
2013.04.15 02:08:21	1	Імпорт таблиці `lexpert_field_data_field_article_image`
2013.04.15 02:08:22	1	Імпорт таблиці `lexpert_field_data_field_field_office_other_photos`
2013.04.15 02:08:24	1	Імпорт таблиці `lexpert_field_data_field_in_actions_archive`
2013.04.15 02:08:26	1	Імпорт таблиці `lexpert_field_data_field_news_company_image`
2013.04.15 02:08:28	1	Імпорт таблиці `lexpert_field_data_field_news_financial_categories`
2013.04.15 02:08:30	1	Імпорт таблиці `lexpert_field_data_field_news_financial_image`
2013.04.15 02:08:32	1	Імпорт таблиці `lexpert_field_data_field_office_against_collateral`
2013.04.15 02:08:34	1	Імпорт таблиці `lexpert_field_data_field_office_city`
2013.04.15 02:08:36	1	Імпорт таблиці `lexpert_field_data_field_office_main_photo`
2013.04.15 02:08:38	1	Імпорт таблиці `lexpert_field_data_field_office_phones`
2013.04.15 02:08:39	1	Імпорт таблиці `lexpert_field_data_field_tags`
2013.04.15 02:08:41	1	Імпорт таблиці `lexpert_field_data_field_user_phone`
2013.04.15 02:08:43	1	Імпорт таблиці `lexpert_field_data_field_work_schedule`
2013.04.15 02:08:47	1	Імпорт таблиці `lexpert_field_data_field_yandex_map_coordinates`
2013.04.15 02:08:48	1	Імпорт таблиці `lexpert_field_revision_body`
2013.04.15 02:08:51	1	Імпорт таблиці `lexpert_field_revision_comment_body`
2013.04.15 02:08:53	1	Імпорт таблиці `lexpert_field_revision_field_action_image`
2013.04.15 02:08:55	1	Імпорт таблиці `lexpert_field_revision_field_article_categories`
2013.04.15 02:08:56	1	Імпорт таблиці `lexpert_field_revision_field_article_image`
2013.04.15 02:08:58	1	Імпорт таблиці `lexpert_field_revision_field_field_office_other_photos`
2013.04.15 02:08:59	1	Імпорт таблиці `lexpert_field_revision_field_in_actions_archive`
2013.04.15 02:09:02	1	Імпорт таблиці `lexpert_field_revision_field_news_company_image`
2013.04.15 02:09:04	1	Імпорт таблиці `lexpert_field_revision_field_news_financial_categories`
2013.04.15 02:09:07	1	Імпорт таблиці `lexpert_field_revision_field_news_financial_image`
2013.04.15 02:09:08	1	Імпорт таблиці `lexpert_field_revision_field_office_against_collateral`
2013.04.15 02:09:10	1	Імпорт таблиці `lexpert_field_revision_field_office_city`
2013.04.15 02:09:12	1	Імпорт таблиці `lexpert_field_revision_field_office_main_photo`
2013.04.15 02:09:14	1	Імпорт таблиці `lexpert_field_revision_field_office_phones`
2013.04.15 02:09:15	1	Імпорт таблиці `lexpert_field_revision_field_tags`
2013.04.15 02:09:17	1	Імпорт таблиці `lexpert_field_revision_field_user_phone`
2013.04.15 02:09:18	1	Імпорт таблиці `lexpert_field_revision_field_work_schedule`
2013.04.15 02:09:20	1	Імпорт таблиці `lexpert_field_revision_field_yandex_map_coordinates`
2013.04.15 02:09:24	1	Імпорт таблиці `lexpert_file_managed`
2013.04.15 02:09:26	1	Імпорт таблиці `lexpert_file_usage`
2013.04.15 02:09:28	1	Імпорт таблиці `lexpert_filter`
2013.04.15 02:09:29	1	Імпорт таблиці `lexpert_filter_format`
2013.04.15 02:09:31	1	Імпорт таблиці `lexpert_flood`
2013.04.15 02:09:32	1	Імпорт таблиці `lexpert_history`
2013.04.15 02:09:33	1	Імпорт таблиці `lexpert_i18n_block_language`
2013.04.15 02:09:34	1	Імпорт таблиці `lexpert_i18n_path`
2013.04.15 02:09:35	1	Імпорт таблиці `lexpert_i18n_string`
2013.04.15 02:09:35	1	Імпорт таблиці `lexpert_i18n_translation_set`
2013.04.15 02:09:36	1	Імпорт таблиці `lexpert_image_effects`
2013.04.15 02:09:37	1	Імпорт таблиці `lexpert_image_styles`
2013.04.15 02:09:39	1	Імпорт таблиці `lexpert_l10n_update_file`
2013.04.15 02:09:41	1	Імпорт таблиці `lexpert_l10n_update_project`
2013.04.15 02:09:42	1	Імпорт таблиці `lexpert_languages`
2013.04.15 02:09:43	1	Імпорт таблиці `lexpert_linkchecker_block_custom`
2013.04.15 02:09:44	1	Імпорт таблиці `lexpert_linkchecker_comment`
2013.04.15 02:09:45	1	Імпорт таблиці `lexpert_linkchecker_link`
2013.04.15 02:09:47	1	Імпорт таблиці `lexpert_linkchecker_node`
2013.04.15 02:09:49	1	Імпорт таблиці `lexpert_locales_source`
2013.04.15 02:09:51	1	Імпорт таблиці `lexpert_locales_target`
2013.04.15 02:09:53	1	Імпорт таблиці `lexpert_menu_custom`
2013.04.15 02:09:57	1	Імпорт таблиці `lexpert_menu_links`
2013.04.15 02:09:59	1	Імпорт таблиці `lexpert_menu_router`
2013.04.15 02:10:00	1	Імпорт таблиці `lexpert_node`
2013.04.15 02:10:01	1	Імпорт таблиці `lexpert_node_access`
2013.04.15 02:10:03	1	Імпорт таблиці `lexpert_node_comment_statistics`
2013.04.15 02:10:05	1	Імпорт таблиці `lexpert_node_revision`
2013.04.15 02:10:06	1	Імпорт таблиці `lexpert_node_type`
2013.04.15 02:10:07	1	Імпорт таблиці `lexpert_page_manager_handlers`
2013.04.15 02:10:09	1	Імпорт таблиці `lexpert_page_manager_pages`
2013.04.15 02:10:10	1	Імпорт таблиці `lexpert_page_manager_weights`
2013.04.15 02:10:11	1	Імпорт таблиці `lexpert_page_title`
2013.04.15 02:10:13	1	Імпорт таблиці `lexpert_panels_display`
2013.04.15 02:10:14	1	Імпорт таблиці `lexpert_panels_layout`
2013.04.15 02:10:15	1	Імпорт таблиці `lexpert_panels_mini`
2013.04.15 02:10:17	1	Імпорт таблиці `lexpert_panels_node`
2013.04.15 02:10:18	1	Імпорт таблиці `lexpert_panels_pane`
2013.04.15 02:10:26	1	Імпорт таблиці `lexpert_panels_renderer_pipeline`
2013.04.15 02:10:28	1	Імпорт таблиці `lexpert_path_breadcrumbs`
2013.04.15 02:10:31	1	Імпорт таблиці `lexpert_queue`
2013.04.15 02:10:34	1	Імпорт таблиці `lexpert_rdf_mapping`
2013.04.15 02:10:35	1	Імпорт таблиці `lexpert_registry`
2013.04.15 02:10:37	1	Імпорт таблиці `lexpert_registry_file`
2013.04.15 02:10:38	1	Імпорт таблиці `lexpert_role`
2013.04.15 02:10:40	1	Імпорт таблиці `lexpert_role_permission`
2013.04.15 02:10:41	1	Імпорт таблиці `lexpert_search_dataset`
2013.04.15 02:10:42	1	Імпорт таблиці `lexpert_search_index`
2013.04.15 02:10:43	1	Імпорт таблиці `lexpert_search_node_links`
2013.04.15 02:10:43	1	Імпорт таблиці `lexpert_search_total`
2013.04.15 02:10:44	1	Імпорт таблиці `lexpert_security_review`
2013.04.15 02:10:45	1	Імпорт таблиці `lexpert_semaphore`
2013.04.15 02:10:46	1	Імпорт таблиці `lexpert_sequences`
2013.04.15 02:10:47	1	Імпорт таблиці `lexpert_sessions`
2013.04.15 02:10:49	1	Імпорт таблиці `lexpert_shortcut_set`
2013.04.15 02:10:50	1	Імпорт таблиці `lexpert_shortcut_set_users`
2013.04.15 02:10:51	1	Імпорт таблиці `lexpert_stylizer`
2013.04.15 02:10:53	1	Імпорт таблиці `lexpert_system`
2013.04.15 02:10:54	1	Імпорт таблиці `lexpert_taxonomy_access_default`
2013.04.15 02:10:56	1	Імпорт таблиці `lexpert_taxonomy_access_term`
2013.04.15 02:10:57	1	Імпорт таблиці `lexpert_taxonomy_index`
2013.04.15 02:10:59	1	Імпорт таблиці `lexpert_taxonomy_term_data`
2013.04.15 02:11:00	1	Імпорт таблиці `lexpert_taxonomy_term_hierarchy`
2013.04.15 02:11:01	1	Імпорт таблиці `lexpert_taxonomy_vocabulary`
2013.04.15 02:11:03	1	Імпорт таблиці `lexpert_url_alias`
2013.04.15 02:11:04	1	Імпорт таблиці `lexpert_users`
2013.04.15 02:11:06	1	Імпорт таблиці `lexpert_users_roles`
2013.04.15 02:11:07	1	Імпорт таблиці `lexpert_variable`
2013.04.15 02:11:09	1	Імпорт таблиці `lexpert_variable_store`
2013.04.15 02:11:10	1	Імпорт таблиці `lexpert_views_display`
2013.04.15 02:11:11	1	Імпорт таблиці `lexpert_views_view`
2013.04.15 02:11:13	1	Імпорт таблиці `lexpert_watchdog`
2013.04.15 02:11:13	1	Імпорт таблиці `lexpert_webform`
2013.04.15 02:11:16	1	Імпорт таблиці `lexpert_webform_component`
2013.04.15 02:11:17	1	Імпорт таблиці `lexpert_webform_emails`
2013.04.15 02:11:18	1	Імпорт таблиці `lexpert_webform_last_download`
2013.04.15 02:11:18	1	Імпорт таблиці `lexpert_webform_roles`
2013.04.15 02:11:19	1	Імпорт таблиці `lexpert_webform_submissions`
2013.04.15 02:11:20	1	Імпорт таблиці `lexpert_webform_submitted_data`
2013.04.15 02:11:21	1	Імпорт таблиці `lexpert_wysiwyg`
2013.04.15 02:11:23	1	Імпорт таблиці `lexpert_wysiwyg_user`
2013.04.15 02:13:41	4	MySQL Error: Unknown or incorrect time zone: \'NULL\' (/home/fedry/drupalexpert.com/www/sxd/index.php:1587)
